<?xml version="1.0" encoding="UTF-8"?>
<testsuites disabled="0" errors="0" failures="0" tests="1" time="0">
<testsuite disabled="0" errors="0" failures="0" name="register" skipped="0" tests="1" time="0">
<properties>
<property name="os" value="posix"/>
</properties>
<testcase classname="register" name="cover" status="PASS" time="0">
<system-out>SBY  9:54:02 [sby/register_cover] Copy 'src/register_rw.v' to 'sby/register_cover/src/register_rw.v'.
SBY  9:54:02 [sby/register_cover] engine_0: smtbmc
SBY  9:54:02 [sby/register_cover] base: starting process &quot;cd sby/register_cover/src; yosys -ql ../model/design.log ../model/design.ys&quot;
SBY  9:54:03 [sby/register_cover] base: finished (returncode=0)
SBY  9:54:03 [sby/register_cover] smt2: starting process &quot;cd sby/register_cover/model; yosys -ql design_smt2.log design_smt2.ys&quot;
SBY  9:54:03 [sby/register_cover] smt2: finished (returncode=0)
SBY  9:54:03 [sby/register_cover] engine_0: starting process &quot;cd sby/register_cover; yosys-smtbmc --presat --unroll -c --noprogress -t 20  --append 0 --dump-vcd engine_0/trace%.vcd --dump-vlogtb engine_0/trace%_tb.v --dump-smtc engine_0/trace%.smtc model/design_smt2.smt2&quot;
SBY  9:54:03 [sby/register_cover] engine_0: ##   0:00:00  Solver: yices
SBY  9:54:03 [sby/register_cover] engine_0: ##   0:00:00  Checking cover reachability in step 0..
SBY  9:54:03 [sby/register_cover] engine_0: ##   0:00:00  Checking cover reachability in step 1..
SBY  9:54:03 [sby/register_cover] engine_0: ##   0:00:00  Checking cover reachability in step 2..
SBY  9:54:04 [sby/register_cover] engine_0: ##   0:00:00  Checking cover reachability in step 3..
SBY  9:54:04 [sby/register_cover] engine_0: ##   0:00:00  Reached cover statement at register_rw.v:44.20-45.26 in step 3.
SBY  9:54:04 [sby/register_cover] engine_0: ##   0:00:00  Writing trace to VCD file: engine_0/trace0.vcd
SBY  9:54:04 [sby/register_cover] engine_0: ##   0:00:00  Writing trace to Verilog testbench: engine_0/trace0_tb.v
SBY  9:54:04 [sby/register_cover] engine_0: ##   0:00:00  Writing trace to constraints file: engine_0/trace0.smtc
SBY  9:54:04 [sby/register_cover] engine_0: ##   0:00:00  Checking cover reachability in step 3..
SBY  9:54:04 [sby/register_cover] engine_0: ##   0:00:00  Checking cover reachability in step 4..
SBY  9:54:04 [sby/register_cover] engine_0: ##   0:00:00  Reached cover statement at register_rw.v:47.20-48.62 in step 4.
SBY  9:54:04 [sby/register_cover] engine_0: ##   0:00:00  Writing trace to VCD file: engine_0/trace1.vcd
SBY  9:54:04 [sby/register_cover] engine_0: ##   0:00:00  Writing trace to Verilog testbench: engine_0/trace1_tb.v
SBY  9:54:04 [sby/register_cover] engine_0: ##   0:00:00  Writing trace to constraints file: engine_0/trace1.smtc
SBY  9:54:04 [sby/register_cover] engine_0: ##   0:00:00  Status: passed
SBY  9:54:04 [sby/register_cover] engine_0: finished (returncode=0)
SBY  9:54:04 [sby/register_cover] engine_0: Status returned by engine: pass
SBY  9:54:04 [sby/register_cover] summary: Elapsed clock time [H:MM:SS (secs)]: 0:00:01 (1)
SBY  9:54:04 [sby/register_cover] summary: Elapsed process time [H:MM:SS (secs)]: 0:00:00 (0)
SBY  9:54:04 [sby/register_cover] summary: engine_0 (smtbmc) returned pass
SBY  9:54:04 [sby/register_cover] summary: trace: sby/register_cover/engine_0/trace0.vcd
SBY  9:54:04 [sby/register_cover] summary: trace: sby/register_cover/engine_0/trace1.vcd
SBY  9:54:04 [sby/register_cover] DONE (PASS, rc=0)
</system-out></testcase></testsuite></testsuites>
